<?xml version="1.0" encoding="UTF-8"?>
<testsuite name="InvoiceGeneratorTest" tests="6" skipped="0" failures="0" errors="0" timestamp="2020-11-09T14:22:55" hostname="DESKTOP-RIBMOST" time="0.012">
  <properties/>
  <testcase name="givenFareLessThanPremiumFare_ShouldReturnMinimumFare" classname="InvoiceGeneratorTest" time="0.003"/>
  <testcase name="givenLessDistanceAndTime_ShouldReturnMinimumFare" classname="InvoiceGeneratorTest" time="0.0"/>
  <testcase name="givenMultipleRide_shouldReturnInvoiceSummary" classname="InvoiceGeneratorTest" time="0.003"/>
  <testcase name="givenDistanceAndTime_ShouldReturnFare" classname="InvoiceGeneratorTest" time="0.0"/>
  <testcase name="givenDistanceAndTimeForPremium_ShouldReturnFare" classname="InvoiceGeneratorTest" time="0.0"/>
  <testcase name="givenUserId_shouldReturnInvoiceService" classname="InvoiceGeneratorTest" time="0.003"/>
  <system-out><![CDATA[]]></system-out>
  <system-err><![CDATA[]]></system-err>
</testsuite>
